2024.12.26 09:24:58 INFO  Started: Metals version 1.4.2 in folders '/home/lithikha/gitla' for client Visual Studio Code 1.96.2.[0m
2024.12.26 09:24:59 INFO  no build target found for /home/lithikha/gitla/GitLa/src/main/scala/gitla/rm.scala. Using presentation compiler with project's scala-library version: 3.3.4[0m
2024.12.26 09:25:01 INFO  no build target found for /home/lithikha/gitla/GitLa/src/main/scala/gitla/add.scala. Using presentation compiler with project's scala-library version: 3.3.4[0m
2024.12.26 09:25:01 INFO  no build target found for /home/lithikha/gitla/GitLa/src/main/scala/gitla/add.scala. Using presentation compiler with project's scala-library version: 3.3.4[0m
2024.12.26 09:25:05 INFO  no build target found for /home/lithikha/gitla/GitLa/src/main/scala/gitla/add.scala. Using presentation compiler with project's scala-library version: 3.3.4[0m
2024.12.26 09:25:05 INFO  no build target found for /home/lithikha/gitla/GitLa/src/main/scala/gitla/add.scala. Using presentation compiler with project's scala-library version: 3.3.4[0m
2024.12.26 09:25:06 INFO  no build target found for /home/lithikha/gitla/GitLa/src/main/scala/gitla/add.scala. Using presentation compiler with project's scala-library version: 3.3.4[0m
2024.12.26 09:25:13 INFO  no build target found for /home/lithikha/gitla/GitLa/src/main/scala/gitla/gitla.scala. Using presentation compiler with project's scala-library version: 3.3.4[0m
2024.12.26 09:25:16 INFO  no build target found for /home/lithikha/gitla/GitLa/src/main/scala/gitla/rm.scala. Using presentation compiler with project's scala-library version: 3.3.4[0m
2024.12.26 09:25:19 INFO  no build target found for /home/lithikha/gitla/GitLa/src/main/scala/gitla/rm.scala. Using presentation compiler with project's scala-library version: 3.3.4[0m
2024.12.26 09:25:21 INFO  no build target found for /home/lithikha/gitla/GitLa/src/main/scala/gitla/rm.scala. Using presentation compiler with project's scala-library version: 3.3.4[0m
2024.12.26 09:25:21 INFO  no build target found for /home/lithikha/gitla/GitLa/src/main/scala/gitla/rm.scala. Using presentation compiler with project's scala-library version: 3.3.4[0m
2024.12.26 09:25:22 WARN  no build target for: /home/lithikha/gitla/GitLa/src/main/scala/gitla/rm.scala[0m
2024.12.26 09:25:22 INFO  no build target found for /home/lithikha/gitla/GitLa/src/main/scala/gitla/rm.scala. Using presentation compiler with project's scala-library version: 3.3.4[0m
2024.12.26 09:25:24 INFO  no build target found for /home/lithikha/gitla/GitLa/src/main/scala/gitla/rm.scala. Using presentation compiler with project's scala-library version: 3.3.4[0m
2024.12.26 09:25:24 INFO  no build target found for /home/lithikha/gitla/GitLa/src/main/scala/gitla/rm.scala. Using presentation compiler with project's scala-library version: 3.3.4[0m
2024.12.26 09:25:25 WARN  no build target for: /home/lithikha/gitla/GitLa/src/main/scala/gitla/rm.scala[0m
2024.12.26 09:25:25 INFO  no build target found for /home/lithikha/gitla/GitLa/src/main/scala/gitla/rm.scala. Using presentation compiler with project's scala-library version: 3.3.4[0m
2024.12.26 09:25:27 INFO  no build target found for /home/lithikha/gitla/GitLa/src/main/scala/gitla/rm.scala. Using presentation compiler with project's scala-library version: 3.3.4[0m
2024.12.26 09:25:27 INFO  no build target found for /home/lithikha/gitla/GitLa/src/main/scala/gitla/rm.scala. Using presentation compiler with project's scala-library version: 3.3.4[0m
2024.12.26 09:25:28 WARN  no build target for: /home/lithikha/gitla/GitLa/src/main/scala/gitla/rm.scala[0m
2024.12.26 09:25:28 INFO  no build target found for /home/lithikha/gitla/GitLa/src/main/scala/gitla/rm.scala. Using presentation compiler with project's scala-library version: 3.3.4[0m
2024.12.26 09:25:30 WARN  no build target for: /home/lithikha/gitla/GitLa/src/main/scala/gitla/rm.scala[0m
2024.12.26 09:25:31 INFO  no build target found for /home/lithikha/gitla/GitLa/src/main/scala/gitla/add.scala. Using presentation compiler with project's scala-library version: 3.3.4[0m
2024.12.26 09:25:31 INFO  no build target found for /home/lithikha/gitla/GitLa/src/main/scala/gitla/status.scala. Using presentation compiler with project's scala-library version: 3.3.4[0m
2024.12.26 09:25:31 INFO  no build target found for /home/lithikha/gitla/GitLa/src/main/scala/gitla/status.scala. Using presentation compiler with project's scala-library version: 3.3.4[0m
2024.12.26 09:25:33 INFO  no build target found for /home/lithikha/gitla/GitLa/src/main/scala/gitla/status.scala. Using presentation compiler with project's scala-library version: 3.3.4[0m
2024.12.26 09:25:33 INFO  no build target found for /home/lithikha/gitla/GitLa/src/main/scala/gitla/status.scala. Using presentation compiler with project's scala-library version: 3.3.4[0m
2024.12.26 09:25:59 INFO  no build target found for /home/lithikha/gitla/GitLa/src/main/scala/gitla/status.scala. Using presentation compiler with project's scala-library version: 3.3.4[0m
2024.12.26 09:26:03 INFO  no build target found for /home/lithikha/gitla/GitLa/src/main/scala/gitla/status.scala. Using presentation compiler with project's scala-library version: 3.3.4[0m
2024.12.26 09:26:12 INFO  no build target found for /home/lithikha/gitla/GitLa/src/main/scala/gitla/rm.scala. Using presentation compiler with project's scala-library version: 3.3.4[0m
2024.12.26 09:26:22 INFO  no build target found for /home/lithikha/gitla/GitLa/src/main/scala/gitla/rm.scala. Using presentation compiler with project's scala-library version: 3.3.4[0m
2024.12.26 09:26:24 INFO  no build target found for /home/lithikha/gitla/GitLa/src/main/scala/gitla/rm.scala. Using presentation compiler with project's scala-library version: 3.3.4[0m
2024.12.26 09:26:24 INFO  no build target found for /home/lithikha/gitla/GitLa/src/main/scala/gitla/rm.scala. Using presentation compiler with project's scala-library version: 3.3.4[0m
2024.12.26 09:26:24 INFO  no build target found for /home/lithikha/gitla/GitLa/src/main/scala/gitla/rm.scala. Using presentation compiler with project's scala-library version: 3.3.4[0m
2024.12.26 09:26:24 INFO  no build target found for /home/lithikha/gitla/GitLa/src/main/scala/gitla/rm.scala. Using presentation compiler with project's scala-library version: 3.3.4[0m
2024.12.26 09:26:25 WARN  no build target for: /home/lithikha/gitla/GitLa/src/main/scala/gitla/rm.scala[0m
2024.12.26 09:26:25 INFO  no build target found for /home/lithikha/gitla/GitLa/src/main/scala/gitla/rm.scala. Using presentation compiler with project's scala-library version: 3.3.4[0m
2024.12.26 09:26:28 INFO  no build target found for /home/lithikha/gitla/GitLa/src/main/scala/gitla/rm.scala. Using presentation compiler with project's scala-library version: 3.3.4[0m
2024.12.26 09:26:28 INFO  no build target found for /home/lithikha/gitla/GitLa/src/main/scala/gitla/rm.scala. Using presentation compiler with project's scala-library version: 3.3.4[0m
2024.12.26 09:26:30 WARN  no build target for: /home/lithikha/gitla/GitLa/src/main/scala/gitla/rm.scala[0m
2024.12.26 09:26:30 INFO  no build target found for /home/lithikha/gitla/GitLa/src/main/scala/gitla/rm.scala. Using presentation compiler with project's scala-library version: 3.3.4[0m
2024.12.26 09:26:30 INFO  no build target found for /home/lithikha/gitla/GitLa/src/main/scala/gitla/rm.scala. Using presentation compiler with project's scala-library version: 3.3.4[0m
2024.12.26 09:26:30 INFO  no build target found for /home/lithikha/gitla/GitLa/src/main/scala/gitla/rm.scala. Using presentation compiler with project's scala-library version: 3.3.4[0m
2024.12.26 09:26:30 INFO  no build target found for /home/lithikha/gitla/GitLa/src/main/scala/gitla/rm.scala. Using presentation compiler with project's scala-library version: 3.3.4[0m
2024.12.26 09:26:32 WARN  no build target for: /home/lithikha/gitla/GitLa/src/main/scala/gitla/rm.scala[0m
2024.12.26 09:26:32 INFO  no build target found for /home/lithikha/gitla/GitLa/src/main/scala/gitla/rm.scala. Using presentation compiler with project's scala-library version: 3.3.4[0m
2024.12.26 09:26:34 INFO  no build target found for /home/lithikha/gitla/GitLa/src/main/scala/gitla/rm.scala. Using presentation compiler with project's scala-library version: 3.3.4[0m
2024.12.26 09:26:34 INFO  no build target found for /home/lithikha/gitla/GitLa/src/main/scala/gitla/rm.scala. Using presentation compiler with project's scala-library version: 3.3.4[0m
2024.12.26 09:26:36 WARN  no build target for: /home/lithikha/gitla/GitLa/src/main/scala/gitla/rm.scala[0m
2024.12.26 09:26:36 INFO  no build target found for /home/lithikha/gitla/GitLa/src/main/scala/gitla/rm.scala. Using presentation compiler with project's scala-library version: 3.3.4[0m
2024.12.26 09:26:40 INFO  no build target found for /home/lithikha/gitla/GitLa/src/main/scala/gitla/rm.scala. Using presentation compiler with project's scala-library version: 3.3.4[0m
2024.12.26 09:26:40 INFO  no build target found for /home/lithikha/gitla/GitLa/src/main/scala/gitla/rm.scala. Using presentation compiler with project's scala-library version: 3.3.4[0m
2024.12.26 09:26:40 INFO  no build target found for /home/lithikha/gitla/GitLa/src/main/scala/gitla/rm.scala. Using presentation compiler with project's scala-library version: 3.3.4[0m
2024.12.26 09:26:40 INFO  no build target found for /home/lithikha/gitla/GitLa/src/main/scala/gitla/rm.scala. Using presentation compiler with project's scala-library version: 3.3.4[0m
2024.12.26 09:26:41 WARN  no build target for: /home/lithikha/gitla/GitLa/src/main/scala/gitla/rm.scala[0m
2024.12.26 09:26:41 INFO  no build target found for /home/lithikha/gitla/GitLa/src/main/scala/gitla/rm.scala. Using presentation compiler with project's scala-library version: 3.3.4[0m
2024.12.26 09:26:42 INFO  no build target found for /home/lithikha/gitla/GitLa/src/main/scala/gitla/rm.scala. Using presentation compiler with project's scala-library version: 3.3.4[0m
2024.12.26 09:26:42 INFO  no build target found for /home/lithikha/gitla/GitLa/src/main/scala/gitla/rm.scala. Using presentation compiler with project's scala-library version: 3.3.4[0m
2024.12.26 09:26:42 INFO  no build target found for /home/lithikha/gitla/GitLa/src/main/scala/gitla/rm.scala. Using presentation compiler with project's scala-library version: 3.3.4[0m
2024.12.26 09:26:42 INFO  no build target found for /home/lithikha/gitla/GitLa/src/main/scala/gitla/rm.scala. Using presentation compiler with project's scala-library version: 3.3.4[0m
2024.12.26 09:26:43 INFO  no build target found for /home/lithikha/gitla/GitLa/src/main/scala/gitla/rm.scala. Using presentation compiler with project's scala-library version: 3.3.4[0m
2024.12.26 09:26:43 INFO  no build target found for /home/lithikha/gitla/GitLa/src/main/scala/gitla/rm.scala. Using presentation compiler with project's scala-library version: 3.3.4[0m
2024.12.26 09:26:43 INFO  no build target found for /home/lithikha/gitla/GitLa/src/main/scala/gitla/rm.scala. Using presentation compiler with project's scala-library version: 3.3.4[0m
2024.12.26 09:26:44 WARN  no build target for: /home/lithikha/gitla/GitLa/src/main/scala/gitla/rm.scala[0m
2024.12.26 09:27:46 INFO  no build target found for /home/lithikha/gitla/GitLa/src/main/scala/gitla/rm.scala. Using presentation compiler with project's scala-library version: 3.3.4[0m
2024.12.26 09:27:46 INFO  no build target found for /home/lithikha/gitla/GitLa/src/main/scala/gitla/rm.scala. Using presentation compiler with project's scala-library version: 3.3.4[0m
2024.12.26 09:28:42 INFO  no build target found for /home/lithikha/gitla/GitLa/src/main/scala/gitla/add.scala. Using presentation compiler with project's scala-library version: 3.3.4[0m
2024.12.26 09:28:42 INFO  no build target found for /home/lithikha/gitla/GitLa/src/main/scala/gitla/add.scala. Using presentation compiler with project's scala-library version: 3.3.4[0m
2024.12.26 09:28:42 INFO  no build target found for /home/lithikha/gitla/GitLa/src/main/scala/gitla/add.scala. Using presentation compiler with project's scala-library version: 3.3.4[0m
2024.12.26 09:28:42 INFO  no build target found for /home/lithikha/gitla/GitLa/src/main/scala/gitla/add.scala. Using presentation compiler with project's scala-library version: 3.3.4[0m
2024.12.26 09:28:42 INFO  no build target found for /home/lithikha/gitla/GitLa/src/main/scala/gitla/add.scala. Using presentation compiler with project's scala-library version: 3.3.4[0m
2024.12.26 09:28:43 INFO  no build target found for /home/lithikha/gitla/GitLa/src/main/scala/gitla/add.scala. Using presentation compiler with project's scala-library version: 3.3.4[0m
2024.12.26 09:28:43 INFO  no build target found for /home/lithikha/gitla/GitLa/src/main/scala/gitla/add.scala. Using presentation compiler with project's scala-library version: 3.3.4[0m
2024.12.26 09:28:48 INFO  no build target found for /home/lithikha/gitla/GitLa/src/main/scala/gitla/add.scala. Using presentation compiler with project's scala-library version: 3.3.4[0m
2024.12.26 09:28:48 INFO  no build target found for /home/lithikha/gitla/GitLa/src/main/scala/gitla/blob.scala. Using presentation compiler with project's scala-library version: 3.3.4[0m
2024.12.26 09:28:48 INFO  no build target found for /home/lithikha/gitla/GitLa/src/main/scala/gitla/blob.scala. Using presentation compiler with project's scala-library version: 3.3.4[0m
2024.12.26 09:28:48 INFO  no build target found for /home/lithikha/gitla/GitLa/src/main/scala/gitla/blob.scala. Using presentation compiler with project's scala-library version: 3.3.4[0m
2024.12.26 09:28:48 INFO  no build target found for /home/lithikha/gitla/GitLa/src/main/scala/gitla/blob.scala. Using presentation compiler with project's scala-library version: 3.3.4[0m
2024.12.26 09:28:49 INFO  no build target found for /home/lithikha/gitla/GitLa/src/main/scala/gitla/blob.scala. Using presentation compiler with project's scala-library version: 3.3.4[0m
2024.12.26 09:28:49 INFO  no build target found for /home/lithikha/gitla/GitLa/src/main/scala/gitla/blob.scala. Using presentation compiler with project's scala-library version: 3.3.4[0m
2024.12.26 09:28:49 INFO  no build target found for /home/lithikha/gitla/GitLa/src/main/scala/gitla/blob.scala. Using presentation compiler with project's scala-library version: 3.3.4[0m
2024.12.26 09:28:51 INFO  no build target found for /home/lithikha/gitla/GitLa/src/main/scala/gitla/blob.scala. Using presentation compiler with project's scala-library version: 3.3.4[0m
2024.12.26 09:31:07 INFO  no build target found for /home/lithikha/gitla/GitLa/src/main/scala/gitla/blob.scala. Using presentation compiler with project's scala-library version: 3.3.4[0m
2024.12.26 09:35:01 INFO  no build target found for /home/lithikha/gitla/GitLa/src/main/scala/gitla/rm.scala. Using presentation compiler with project's scala-library version: 3.3.4[0m
